INFO:sim:172 - Generating IP...
Resolving generics for 'DataMem'...
Applying external generics to 'DataMem'...
Delivering associated files for 'DataMem'...
Delivering EJava files for 'DataMem'...
Generating implementation netlist for 'DataMem'...
INFO:sim - Pre-processing HDL files for 'DataMem'...
Running synthesis for 'DataMem'
Running ngcbuild...
Writing VEO instantiation template for 'DataMem'...
Writing Verilog behavioral simulation model for 'DataMem'...
WARNING:sim - Overwriting existing file
   C:/Users/ralzq/Study/ISEexp/MIPS_pipeline_out/ipcore_dir/tmp/_cg/DataMem/doc/
   dist_mem_gen_v7_2_vinfo.html with file from view xilinx_documentation
Delivered 2 files into directory
C:/Users/ralzq/Study/ISEexp/MIPS_pipeline_out/ipcore_dir/tmp/_cg/DataMem
Generating ASY schematic symbol...
INFO:sim:949 - Finished generation of ASY schematic symbol.
Generating SYM schematic symbol for 'DataMem'...
Generating metadata file...
Generating ISE project file for 'DataMem'...
Generating ISE project...
XCO file found: DataMem.xco
XMDF file found: DataMem_xmdf.tcl
Adding
C:/Users/ralzq/Study/ISEexp/MIPS_pipeline_out/ipcore_dir/tmp/_cg/DataMem.asy
-view all -origin_type imported
Adding
C:/Users/ralzq/Study/ISEexp/MIPS_pipeline_out/ipcore_dir/tmp/_cg/DataMem.ngc
-view all -origin_type created
Checking file
"C:/Users/ralzq/Study/ISEexp/MIPS_pipeline_out/ipcore_dir/tmp/_cg/DataMem.ngc"
for project device match ...
File
"C:/Users/ralzq/Study/ISEexp/MIPS_pipeline_out/ipcore_dir/tmp/_cg/DataMem.ngc"
device information matches project device.
Adding
C:/Users/ralzq/Study/ISEexp/MIPS_pipeline_out/ipcore_dir/tmp/_cg/DataMem.sym
-view all -origin_type imported
Adding
C:/Users/ralzq/Study/ISEexp/MIPS_pipeline_out/ipcore_dir/tmp/_cg/DataMem.v -view
all -origin_type created
INFO:HDLCompiler:1845 - Analyzing Verilog file
   "C:/Users/ralzq/Study/ISEexp/MIPS_pipeline_out/ipcore_dir/tmp/_cg/DataMem.v"
   into library work
INFO:ProjectMgmt - Parsing design hierarchy completed successfully.
Adding
C:/Users/ralzq/Study/ISEexp/MIPS_pipeline_out/ipcore_dir/tmp/_cg/DataMem.veo
-view all -origin_type imported
INFO:TclTasksC:2116 - The automatic calculation of top has been turned-off.
   Please set the new top explicitly by running the "project set top" command.
   To re-calculate the new top automatically, set the "Auto Implementation Top"
   property to true.
Top level has been set to "/DataMem"
Generating README file...
Generating FLIST file...
INFO:sim:948 - Finished FLIST file generation.
Launching README viewer...
Moving files to output directory...
Finished moving files to output directory
Wrote CGP file for project 'DataMem'.
